<?xml version="1.0" encoding="UTF-8"?>
<testsuite xmlns:xsi="http://www.w3.org/2001/XMLSchema-instance" xsi:noNamespaceSchemaLocation="https://maven.apache.org/surefire/maven-surefire-plugin/xsd/surefire-test-report.xsd" name="com.chatapp.demo.DemoApplicationTests" time="5.642" tests="1" errors="0" skipped="0" failures="0">
  <properties>
    <property name="sun.desktop" value="windows"/>
    <property name="awt.toolkit" value="sun.awt.windows.WToolkit"/>
    <property name="file.encoding.pkg" value="sun.io"/>
    <property name="java.specification.version" value="1.8"/>
    <property name="sun.cpu.isalist" value="amd64"/>
    <property name="sun.jnu.encoding" value="GBK"/>
    <property name="java.class.path" value="C:\Users\Administrator\Documents\Tencent Files\2539030777\FileRecv\在线聊天\源文件\target\test-classes;C:\Users\Administrator\Documents\Tencent Files\2539030777\FileRecv\在线聊天\源文件\target\classes;A:\maven\apache-maven-3.6.1\repo\org\springframework\boot\spring-boot-starter-jdbc\2.2.6.RELEASE\spring-boot-starter-jdbc-2.2.6.RELEASE.jar;A:\maven\apache-maven-3.6.1\repo\org\springframework\boot\spring-boot-starter\2.2.6.RELEASE\spring-boot-starter-2.2.6.RELEASE.jar;A:\maven\apache-maven-3.6.1\repo\org\springframework\boot\spring-boot\2.2.6.RELEASE\spring-boot-2.2.6.RELEASE.jar;A:\maven\apache-maven-3.6.1\repo\org\springframework\boot\spring-boot-autoconfigure\2.2.6.RELEASE\spring-boot-autoconfigure-2.2.6.RELEASE.jar;A:\maven\apache-maven-3.6.1\repo\org\springframework\boot\spring-boot-starter-logging\2.2.6.RELEASE\spring-boot-starter-logging-2.2.6.RELEASE.jar;A:\maven\apache-maven-3.6.1\repo\ch\qos\logback\logback-classic\1.2.3\logback-classic-1.2.3.jar;A:\maven\apache-maven-3.6.1\repo\ch\qos\logback\logback-core\1.2.3\logback-core-1.2.3.jar;A:\maven\apache-maven-3.6.1\repo\org\apache\logging\log4j\log4j-to-slf4j\2.12.1\log4j-to-slf4j-2.12.1.jar;A:\maven\apache-maven-3.6.1\repo\org\apache\logging\log4j\log4j-api\2.12.1\log4j-api-2.12.1.jar;A:\maven\apache-maven-3.6.1\repo\org\slf4j\jul-to-slf4j\1.7.30\jul-to-slf4j-1.7.30.jar;A:\maven\apache-maven-3.6.1\repo\org\yaml\snakeyaml\1.25\snakeyaml-1.25.jar;A:\maven\apache-maven-3.6.1\repo\com\zaxxer\HikariCP\3.4.2\HikariCP-3.4.2.jar;A:\maven\apache-maven-3.6.1\repo\org\springframework\spring-jdbc\5.2.5.RELEASE\spring-jdbc-5.2.5.RELEASE.jar;A:\maven\apache-maven-3.6.1\repo\org\springframework\spring-beans\5.2.5.RELEASE\spring-beans-5.2.5.RELEASE.jar;A:\maven\apache-maven-3.6.1\repo\org\springframework\spring-tx\5.2.5.RELEASE\spring-tx-5.2.5.RELEASE.jar;A:\maven\apache-maven-3.6.1\repo\org\springframework\boot\spring-boot-starter-web\2.2.6.RELEASE\spring-boot-starter-web-2.2.6.RELEASE.jar;A:\maven\apache-maven-3.6.1\repo\org\springframework\boot\spring-boot-starter-json\2.2.6.RELEASE\spring-boot-starter-json-2.2.6.RELEASE.jar;A:\maven\apache-maven-3.6.1\repo\com\fasterxml\jackson\datatype\jackson-datatype-jdk8\2.10.3\jackson-datatype-jdk8-2.10.3.jar;A:\maven\apache-maven-3.6.1\repo\com\fasterxml\jackson\datatype\jackson-datatype-jsr310\2.10.3\jackson-datatype-jsr310-2.10.3.jar;A:\maven\apache-maven-3.6.1\repo\com\fasterxml\jackson\module\jackson-module-parameter-names\2.10.3\jackson-module-parameter-names-2.10.3.jar;A:\maven\apache-maven-3.6.1\repo\org\springframework\boot\spring-boot-starter-validation\2.2.6.RELEASE\spring-boot-starter-validation-2.2.6.RELEASE.jar;A:\maven\apache-maven-3.6.1\repo\jakarta\validation\jakarta.validation-api\2.0.2\jakarta.validation-api-2.0.2.jar;A:\maven\apache-maven-3.6.1\repo\org\hibernate\validator\hibernate-validator\6.0.18.Final\hibernate-validator-6.0.18.Final.jar;A:\maven\apache-maven-3.6.1\repo\org\jboss\logging\jboss-logging\3.4.1.Final\jboss-logging-3.4.1.Final.jar;A:\maven\apache-maven-3.6.1\repo\com\fasterxml\classmate\1.5.1\classmate-1.5.1.jar;A:\maven\apache-maven-3.6.1\repo\org\springframework\spring-web\5.2.5.RELEASE\spring-web-5.2.5.RELEASE.jar;A:\maven\apache-maven-3.6.1\repo\org\springframework\spring-webmvc\5.2.5.RELEASE\spring-webmvc-5.2.5.RELEASE.jar;A:\maven\apache-maven-3.6.1\repo\org\springframework\spring-aop\5.2.5.RELEASE\spring-aop-5.2.5.RELEASE.jar;A:\maven\apache-maven-3.6.1\repo\org\springframework\spring-expression\5.2.5.RELEASE\spring-expression-5.2.5.RELEASE.jar;A:\maven\apache-maven-3.6.1\repo\org\mybatis\spring\boot\mybatis-spring-boot-starter\2.1.2\mybatis-spring-boot-starter-2.1.2.jar;A:\maven\apache-maven-3.6.1\repo\org\mybatis\spring\boot\mybatis-spring-boot-autoconfigure\2.1.2\mybatis-spring-boot-autoconfigure-2.1.2.jar;A:\maven\apache-maven-3.6.1\repo\org\mybatis\mybatis\3.5.4\mybatis-3.5.4.jar;A:\maven\apache-maven-3.6.1\repo\org\mybatis\mybatis-spring\2.0.4\mybatis-spring-2.0.4.jar;A:\maven\apache-maven-3.6.1\repo\org\springframework\boot\spring-boot-starter-tomcat\2.2.6.RELEASE\spring-boot-starter-tomcat-2.2.6.RELEASE.jar;A:\maven\apache-maven-3.6.1\repo\jakarta\annotation\jakarta.annotation-api\1.3.5\jakarta.annotation-api-1.3.5.jar;A:\maven\apache-maven-3.6.1\repo\org\apache\tomcat\embed\tomcat-embed-core\9.0.33\tomcat-embed-core-9.0.33.jar;A:\maven\apache-maven-3.6.1\repo\org\apache\tomcat\embed\tomcat-embed-el\9.0.33\tomcat-embed-el-9.0.33.jar;A:\maven\apache-maven-3.6.1\repo\org\apache\tomcat\embed\tomcat-embed-websocket\9.0.33\tomcat-embed-websocket-9.0.33.jar;A:\maven\apache-maven-3.6.1\repo\org\apache\tomcat\embed\tomcat-embed-jasper\9.0.33\tomcat-embed-jasper-9.0.33.jar;A:\maven\apache-maven-3.6.1\repo\org\eclipse\jdt\ecj\3.18.0\ecj-3.18.0.jar;A:\maven\apache-maven-3.6.1\repo\mysql\mysql-connector-java\8.0.19\mysql-connector-java-8.0.19.jar;A:\maven\apache-maven-3.6.1\repo\org\springframework\boot\spring-boot-starter-test\2.2.6.RELEASE\spring-boot-starter-test-2.2.6.RELEASE.jar;A:\maven\apache-maven-3.6.1\repo\org\springframework\boot\spring-boot-test\2.2.6.RELEASE\spring-boot-test-2.2.6.RELEASE.jar;A:\maven\apache-maven-3.6.1\repo\org\springframework\boot\spring-boot-test-autoconfigure\2.2.6.RELEASE\spring-boot-test-autoconfigure-2.2.6.RELEASE.jar;A:\maven\apache-maven-3.6.1\repo\com\jayway\jsonpath\json-path\2.4.0\json-path-2.4.0.jar;A:\maven\apache-maven-3.6.1\repo\net\minidev\json-smart\2.3\json-smart-2.3.jar;A:\maven\apache-maven-3.6.1\repo\net\minidev\accessors-smart\1.2\accessors-smart-1.2.jar;A:\maven\apache-maven-3.6.1\repo\org\ow2\asm\asm\5.0.4\asm-5.0.4.jar;A:\maven\apache-maven-3.6.1\repo\jakarta\xml\bind\jakarta.xml.bind-api\2.3.3\jakarta.xml.bind-api-2.3.3.jar;A:\maven\apache-maven-3.6.1\repo\jakarta\activation\jakarta.activation-api\1.2.2\jakarta.activation-api-1.2.2.jar;A:\maven\apache-maven-3.6.1\repo\org\junit\jupiter\junit-jupiter\5.5.2\junit-jupiter-5.5.2.jar;A:\maven\apache-maven-3.6.1\repo\org\junit\jupiter\junit-jupiter-api\5.5.2\junit-jupiter-api-5.5.2.jar;A:\maven\apache-maven-3.6.1\repo\org\apiguardian\apiguardian-api\1.1.0\apiguardian-api-1.1.0.jar;A:\maven\apache-maven-3.6.1\repo\org\opentest4j\opentest4j\1.2.0\opentest4j-1.2.0.jar;A:\maven\apache-maven-3.6.1\repo\org\junit\platform\junit-platform-commons\1.5.2\junit-platform-commons-1.5.2.jar;A:\maven\apache-maven-3.6.1\repo\org\junit\jupiter\junit-jupiter-params\5.5.2\junit-jupiter-params-5.5.2.jar;A:\maven\apache-maven-3.6.1\repo\org\junit\jupiter\junit-jupiter-engine\5.5.2\junit-jupiter-engine-5.5.2.jar;A:\maven\apache-maven-3.6.1\repo\org\junit\platform\junit-platform-engine\1.5.2\junit-platform-engine-1.5.2.jar;A:\maven\apache-maven-3.6.1\repo\org\mockito\mockito-junit-jupiter\3.1.0\mockito-junit-jupiter-3.1.0.jar;A:\maven\apache-maven-3.6.1\repo\org\assertj\assertj-core\3.13.2\assertj-core-3.13.2.jar;A:\maven\apache-maven-3.6.1\repo\org\hamcrest\hamcrest\2.1\hamcrest-2.1.jar;A:\maven\apache-maven-3.6.1\repo\org\mockito\mockito-core\3.1.0\mockito-core-3.1.0.jar;A:\maven\apache-maven-3.6.1\repo\net\bytebuddy\byte-buddy\1.10.8\byte-buddy-1.10.8.jar;A:\maven\apache-maven-3.6.1\repo\net\bytebuddy\byte-buddy-agent\1.10.8\byte-buddy-agent-1.10.8.jar;A:\maven\apache-maven-3.6.1\repo\org\objenesis\objenesis\2.6\objenesis-2.6.jar;A:\maven\apache-maven-3.6.1\repo\org\skyscreamer\jsonassert\1.5.0\jsonassert-1.5.0.jar;A:\maven\apache-maven-3.6.1\repo\com\vaadin\external\google\android-json\0.0.20131108.vaadin1\android-json-0.0.20131108.vaadin1.jar;A:\maven\apache-maven-3.6.1\repo\org\springframework\spring-core\5.2.5.RELEASE\spring-core-5.2.5.RELEASE.jar;A:\maven\apache-maven-3.6.1\repo\org\springframework\spring-jcl\5.2.5.RELEASE\spring-jcl-5.2.5.RELEASE.jar;A:\maven\apache-maven-3.6.1\repo\org\springframework\spring-test\5.2.5.RELEASE\spring-test-5.2.5.RELEASE.jar;A:\maven\apache-maven-3.6.1\repo\org\xmlunit\xmlunit-core\2.6.4\xmlunit-core-2.6.4.jar;A:\maven\apache-maven-3.6.1\repo\com\qcloud\cos_api\5.6.15\cos_api-5.6.15.jar;A:\maven\apache-maven-3.6.1\repo\org\apache\httpcomponents\httpclient\4.5.12\httpclient-4.5.12.jar;A:\maven\apache-maven-3.6.1\repo\org\apache\httpcomponents\httpcore\4.4.13\httpcore-4.4.13.jar;A:\maven\apache-maven-3.6.1\repo\org\slf4j\slf4j-api\1.7.30\slf4j-api-1.7.30.jar;A:\maven\apache-maven-3.6.1\repo\commons-codec\commons-codec\1.13\commons-codec-1.13.jar;A:\maven\apache-maven-3.6.1\repo\joda-time\joda-time\2.10.5\joda-time-2.10.5.jar;A:\maven\apache-maven-3.6.1\repo\com\fasterxml\jackson\core\jackson-databind\2.10.3\jackson-databind-2.10.3.jar;A:\maven\apache-maven-3.6.1\repo\com\fasterxml\jackson\core\jackson-annotations\2.10.3\jackson-annotations-2.10.3.jar;A:\maven\apache-maven-3.6.1\repo\com\fasterxml\jackson\core\jackson-core\2.10.3\jackson-core-2.10.3.jar;A:\maven\apache-maven-3.6.1\repo\org\bouncycastle\bcprov-jdk15on\1.59\bcprov-jdk15on-1.59.jar;A:\maven\apache-maven-3.6.1\repo\com\alibaba\fastjson\1.2.62\fastjson-1.2.62.jar;A:\maven\apache-maven-3.6.1\repo\org\springframework\spring-websocket\5.2.4.RELEASE\spring-websocket-5.2.4.RELEASE.jar;A:\maven\apache-maven-3.6.1\repo\org\springframework\spring-context\5.2.5.RELEASE\spring-context-5.2.5.RELEASE.jar;A:\maven\apache-maven-3.6.1\repo\com\alibaba\druid\1.1.10\druid-1.1.10.jar;A:\maven\apache-maven-3.6.1\repo\com\auth0\java-jwt\3.2.0\java-jwt-3.2.0.jar;A:\maven\apache-maven-3.6.1\repo\io\jsonwebtoken\jjwt\0.7.0\jjwt-0.7.0.jar;A:\maven\apache-maven-3.6.1\repo\javax\xml\bind\jaxb-api\2.3.0\jaxb-api-2.3.0.jar;A:\maven\apache-maven-3.6.1\repo\org\springframework\boot\spring-boot-starter-websocket\2.2.6.RELEASE\spring-boot-starter-websocket-2.2.6.RELEASE.jar;A:\maven\apache-maven-3.6.1\repo\org\springframework\spring-messaging\5.2.5.RELEASE\spring-messaging-5.2.5.RELEASE.jar;A:\maven\apache-maven-3.6.1\repo\org\eclipse\jetty\websocket\websocket-server\9.4.7.v20170914\websocket-server-9.4.7.v20170914.jar;A:\maven\apache-maven-3.6.1\repo\org\eclipse\jetty\websocket\websocket-common\9.4.27.v20200227\websocket-common-9.4.27.v20200227.jar;A:\maven\apache-maven-3.6.1\repo\org\eclipse\jetty\websocket\websocket-api\9.4.27.v20200227\websocket-api-9.4.27.v20200227.jar;A:\maven\apache-maven-3.6.1\repo\org\eclipse\jetty\jetty-util\9.4.27.v20200227\jetty-util-9.4.27.v20200227.jar;A:\maven\apache-maven-3.6.1\repo\org\eclipse\jetty\jetty-io\9.4.27.v20200227\jetty-io-9.4.27.v20200227.jar;A:\maven\apache-maven-3.6.1\repo\org\eclipse\jetty\websocket\websocket-client\9.4.27.v20200227\websocket-client-9.4.27.v20200227.jar;A:\maven\apache-maven-3.6.1\repo\org\eclipse\jetty\jetty-client\9.4.27.v20200227\jetty-client-9.4.27.v20200227.jar;A:\maven\apache-maven-3.6.1\repo\org\eclipse\jetty\jetty-xml\9.4.27.v20200227\jetty-xml-9.4.27.v20200227.jar;A:\maven\apache-maven-3.6.1\repo\org\eclipse\jetty\websocket\websocket-servlet\9.4.27.v20200227\websocket-servlet-9.4.27.v20200227.jar;A:\maven\apache-maven-3.6.1\repo\javax\servlet\javax.servlet-api\4.0.1\javax.servlet-api-4.0.1.jar;A:\maven\apache-maven-3.6.1\repo\org\eclipse\jetty\jetty-servlet\9.4.27.v20200227\jetty-servlet-9.4.27.v20200227.jar;A:\maven\apache-maven-3.6.1\repo\org\eclipse\jetty\jetty-security\9.4.27.v20200227\jetty-security-9.4.27.v20200227.jar;A:\maven\apache-maven-3.6.1\repo\org\eclipse\jetty\jetty-server\9.4.27.v20200227\jetty-server-9.4.27.v20200227.jar;A:\maven\apache-maven-3.6.1\repo\org\eclipse\jetty\jetty-http\9.4.27.v20200227\jetty-http-9.4.27.v20200227.jar;"/>
    <property name="java.vm.vendor" value="Oracle Corporation"/>
    <property name="sun.arch.data.model" value="64"/>
    <property name="user.variant" value=""/>
    <property name="java.vendor.url" value="http://java.oracle.com/"/>
    <property name="user.timezone" value="Asia/Tokyo"/>
    <property name="java.vm.specification.version" value="1.8"/>
    <property name="os.name" value="Windows 10"/>
    <property name="user.country" value="CN"/>
    <property name="sun.java.launcher" value="SUN_STANDARD"/>
    <property name="sun.boot.library.path" value="A:\Java\jdk1.8.0_131\jre\bin"/>
    <property name="sun.java.command" value="C:\Users\ADMINI~1\AppData\Local\Temp\surefire2328681698465533931\surefirebooter9114269203674419548.jar C:\Users\Administrator\AppData\Local\Temp\surefire2328681698465533931 2020-09-23T03-36-26_987-jvmRun1 surefire7843646091373227795tmp surefire_02894213599033347238tmp"/>
    <property name="surefire.test.class.path" value="C:\Users\Administrator\Documents\Tencent Files\2539030777\FileRecv\在线聊天\源文件\target\test-classes;C:\Users\Administrator\Documents\Tencent Files\2539030777\FileRecv\在线聊天\源文件\target\classes;A:\maven\apache-maven-3.6.1\repo\org\springframework\boot\spring-boot-starter-jdbc\2.2.6.RELEASE\spring-boot-starter-jdbc-2.2.6.RELEASE.jar;A:\maven\apache-maven-3.6.1\repo\org\springframework\boot\spring-boot-starter\2.2.6.RELEASE\spring-boot-starter-2.2.6.RELEASE.jar;A:\maven\apache-maven-3.6.1\repo\org\springframework\boot\spring-boot\2.2.6.RELEASE\spring-boot-2.2.6.RELEASE.jar;A:\maven\apache-maven-3.6.1\repo\org\springframework\boot\spring-boot-autoconfigure\2.2.6.RELEASE\spring-boot-autoconfigure-2.2.6.RELEASE.jar;A:\maven\apache-maven-3.6.1\repo\org\springframework\boot\spring-boot-starter-logging\2.2.6.RELEASE\spring-boot-starter-logging-2.2.6.RELEASE.jar;A:\maven\apache-maven-3.6.1\repo\ch\qos\logback\logback-classic\1.2.3\logback-classic-1.2.3.jar;A:\maven\apache-maven-3.6.1\repo\ch\qos\logback\logback-core\1.2.3\logback-core-1.2.3.jar;A:\maven\apache-maven-3.6.1\repo\org\apache\logging\log4j\log4j-to-slf4j\2.12.1\log4j-to-slf4j-2.12.1.jar;A:\maven\apache-maven-3.6.1\repo\org\apache\logging\log4j\log4j-api\2.12.1\log4j-api-2.12.1.jar;A:\maven\apache-maven-3.6.1\repo\org\slf4j\jul-to-slf4j\1.7.30\jul-to-slf4j-1.7.30.jar;A:\maven\apache-maven-3.6.1\repo\org\yaml\snakeyaml\1.25\snakeyaml-1.25.jar;A:\maven\apache-maven-3.6.1\repo\com\zaxxer\HikariCP\3.4.2\HikariCP-3.4.2.jar;A:\maven\apache-maven-3.6.1\repo\org\springframework\spring-jdbc\5.2.5.RELEASE\spring-jdbc-5.2.5.RELEASE.jar;A:\maven\apache-maven-3.6.1\repo\org\springframework\spring-beans\5.2.5.RELEASE\spring-beans-5.2.5.RELEASE.jar;A:\maven\apache-maven-3.6.1\repo\org\springframework\spring-tx\5.2.5.RELEASE\spring-tx-5.2.5.RELEASE.jar;A:\maven\apache-maven-3.6.1\repo\org\springframework\boot\spring-boot-starter-web\2.2.6.RELEASE\spring-boot-starter-web-2.2.6.RELEASE.jar;A:\maven\apache-maven-3.6.1\repo\org\springframework\boot\spring-boot-starter-json\2.2.6.RELEASE\spring-boot-starter-json-2.2.6.RELEASE.jar;A:\maven\apache-maven-3.6.1\repo\com\fasterxml\jackson\datatype\jackson-datatype-jdk8\2.10.3\jackson-datatype-jdk8-2.10.3.jar;A:\maven\apache-maven-3.6.1\repo\com\fasterxml\jackson\datatype\jackson-datatype-jsr310\2.10.3\jackson-datatype-jsr310-2.10.3.jar;A:\maven\apache-maven-3.6.1\repo\com\fasterxml\jackson\module\jackson-module-parameter-names\2.10.3\jackson-module-parameter-names-2.10.3.jar;A:\maven\apache-maven-3.6.1\repo\org\springframework\boot\spring-boot-starter-validation\2.2.6.RELEASE\spring-boot-starter-validation-2.2.6.RELEASE.jar;A:\maven\apache-maven-3.6.1\repo\jakarta\validation\jakarta.validation-api\2.0.2\jakarta.validation-api-2.0.2.jar;A:\maven\apache-maven-3.6.1\repo\org\hibernate\validator\hibernate-validator\6.0.18.Final\hibernate-validator-6.0.18.Final.jar;A:\maven\apache-maven-3.6.1\repo\org\jboss\logging\jboss-logging\3.4.1.Final\jboss-logging-3.4.1.Final.jar;A:\maven\apache-maven-3.6.1\repo\com\fasterxml\classmate\1.5.1\classmate-1.5.1.jar;A:\maven\apache-maven-3.6.1\repo\org\springframework\spring-web\5.2.5.RELEASE\spring-web-5.2.5.RELEASE.jar;A:\maven\apache-maven-3.6.1\repo\org\springframework\spring-webmvc\5.2.5.RELEASE\spring-webmvc-5.2.5.RELEASE.jar;A:\maven\apache-maven-3.6.1\repo\org\springframework\spring-aop\5.2.5.RELEASE\spring-aop-5.2.5.RELEASE.jar;A:\maven\apache-maven-3.6.1\repo\org\springframework\spring-expression\5.2.5.RELEASE\spring-expression-5.2.5.RELEASE.jar;A:\maven\apache-maven-3.6.1\repo\org\mybatis\spring\boot\mybatis-spring-boot-starter\2.1.2\mybatis-spring-boot-starter-2.1.2.jar;A:\maven\apache-maven-3.6.1\repo\org\mybatis\spring\boot\mybatis-spring-boot-autoconfigure\2.1.2\mybatis-spring-boot-autoconfigure-2.1.2.jar;A:\maven\apache-maven-3.6.1\repo\org\mybatis\mybatis\3.5.4\mybatis-3.5.4.jar;A:\maven\apache-maven-3.6.1\repo\org\mybatis\mybatis-spring\2.0.4\mybatis-spring-2.0.4.jar;A:\maven\apache-maven-3.6.1\repo\org\springframework\boot\spring-boot-starter-tomcat\2.2.6.RELEASE\spring-boot-starter-tomcat-2.2.6.RELEASE.jar;A:\maven\apache-maven-3.6.1\repo\jakarta\annotation\jakarta.annotation-api\1.3.5\jakarta.annotation-api-1.3.5.jar;A:\maven\apache-maven-3.6.1\repo\org\apache\tomcat\embed\tomcat-embed-core\9.0.33\tomcat-embed-core-9.0.33.jar;A:\maven\apache-maven-3.6.1\repo\org\apache\tomcat\embed\tomcat-embed-el\9.0.33\tomcat-embed-el-9.0.33.jar;A:\maven\apache-maven-3.6.1\repo\org\apache\tomcat\embed\tomcat-embed-websocket\9.0.33\tomcat-embed-websocket-9.0.33.jar;A:\maven\apache-maven-3.6.1\repo\org\apache\tomcat\embed\tomcat-embed-jasper\9.0.33\tomcat-embed-jasper-9.0.33.jar;A:\maven\apache-maven-3.6.1\repo\org\eclipse\jdt\ecj\3.18.0\ecj-3.18.0.jar;A:\maven\apache-maven-3.6.1\repo\mysql\mysql-connector-java\8.0.19\mysql-connector-java-8.0.19.jar;A:\maven\apache-maven-3.6.1\repo\org\springframework\boot\spring-boot-starter-test\2.2.6.RELEASE\spring-boot-starter-test-2.2.6.RELEASE.jar;A:\maven\apache-maven-3.6.1\repo\org\springframework\boot\spring-boot-test\2.2.6.RELEASE\spring-boot-test-2.2.6.RELEASE.jar;A:\maven\apache-maven-3.6.1\repo\org\springframework\boot\spring-boot-test-autoconfigure\2.2.6.RELEASE\spring-boot-test-autoconfigure-2.2.6.RELEASE.jar;A:\maven\apache-maven-3.6.1\repo\com\jayway\jsonpath\json-path\2.4.0\json-path-2.4.0.jar;A:\maven\apache-maven-3.6.1\repo\net\minidev\json-smart\2.3\json-smart-2.3.jar;A:\maven\apache-maven-3.6.1\repo\net\minidev\accessors-smart\1.2\accessors-smart-1.2.jar;A:\maven\apache-maven-3.6.1\repo\org\ow2\asm\asm\5.0.4\asm-5.0.4.jar;A:\maven\apache-maven-3.6.1\repo\jakarta\xml\bind\jakarta.xml.bind-api\2.3.3\jakarta.xml.bind-api-2.3.3.jar;A:\maven\apache-maven-3.6.1\repo\jakarta\activation\jakarta.activation-api\1.2.2\jakarta.activation-api-1.2.2.jar;A:\maven\apache-maven-3.6.1\repo\org\junit\jupiter\junit-jupiter\5.5.2\junit-jupiter-5.5.2.jar;A:\maven\apache-maven-3.6.1\repo\org\junit\jupiter\junit-jupiter-api\5.5.2\junit-jupiter-api-5.5.2.jar;A:\maven\apache-maven-3.6.1\repo\org\apiguardian\apiguardian-api\1.1.0\apiguardian-api-1.1.0.jar;A:\maven\apache-maven-3.6.1\repo\org\opentest4j\opentest4j\1.2.0\opentest4j-1.2.0.jar;A:\maven\apache-maven-3.6.1\repo\org\junit\platform\junit-platform-commons\1.5.2\junit-platform-commons-1.5.2.jar;A:\maven\apache-maven-3.6.1\repo\org\junit\jupiter\junit-jupiter-params\5.5.2\junit-jupiter-params-5.5.2.jar;A:\maven\apache-maven-3.6.1\repo\org\junit\jupiter\junit-jupiter-engine\5.5.2\junit-jupiter-engine-5.5.2.jar;A:\maven\apache-maven-3.6.1\repo\org\junit\platform\junit-platform-engine\1.5.2\junit-platform-engine-1.5.2.jar;A:\maven\apache-maven-3.6.1\repo\org\mockito\mockito-junit-jupiter\3.1.0\mockito-junit-jupiter-3.1.0.jar;A:\maven\apache-maven-3.6.1\repo\org\assertj\assertj-core\3.13.2\assertj-core-3.13.2.jar;A:\maven\apache-maven-3.6.1\repo\org\hamcrest\hamcrest\2.1\hamcrest-2.1.jar;A:\maven\apache-maven-3.6.1\repo\org\mockito\mockito-core\3.1.0\mockito-core-3.1.0.jar;A:\maven\apache-maven-3.6.1\repo\net\bytebuddy\byte-buddy\1.10.8\byte-buddy-1.10.8.jar;A:\maven\apache-maven-3.6.1\repo\net\bytebuddy\byte-buddy-agent\1.10.8\byte-buddy-agent-1.10.8.jar;A:\maven\apache-maven-3.6.1\repo\org\objenesis\objenesis\2.6\objenesis-2.6.jar;A:\maven\apache-maven-3.6.1\repo\org\skyscreamer\jsonassert\1.5.0\jsonassert-1.5.0.jar;A:\maven\apache-maven-3.6.1\repo\com\vaadin\external\google\android-json\0.0.20131108.vaadin1\android-json-0.0.20131108.vaadin1.jar;A:\maven\apache-maven-3.6.1\repo\org\springframework\spring-core\5.2.5.RELEASE\spring-core-5.2.5.RELEASE.jar;A:\maven\apache-maven-3.6.1\repo\org\springframework\spring-jcl\5.2.5.RELEASE\spring-jcl-5.2.5.RELEASE.jar;A:\maven\apache-maven-3.6.1\repo\org\springframework\spring-test\5.2.5.RELEASE\spring-test-5.2.5.RELEASE.jar;A:\maven\apache-maven-3.6.1\repo\org\xmlunit\xmlunit-core\2.6.4\xmlunit-core-2.6.4.jar;A:\maven\apache-maven-3.6.1\repo\com\qcloud\cos_api\5.6.15\cos_api-5.6.15.jar;A:\maven\apache-maven-3.6.1\repo\org\apache\httpcomponents\httpclient\4.5.12\httpclient-4.5.12.jar;A:\maven\apache-maven-3.6.1\repo\org\apache\httpcomponents\httpcore\4.4.13\httpcore-4.4.13.jar;A:\maven\apache-maven-3.6.1\repo\org\slf4j\slf4j-api\1.7.30\slf4j-api-1.7.30.jar;A:\maven\apache-maven-3.6.1\repo\commons-codec\commons-codec\1.13\commons-codec-1.13.jar;A:\maven\apache-maven-3.6.1\repo\joda-time\joda-time\2.10.5\joda-time-2.10.5.jar;A:\maven\apache-maven-3.6.1\repo\com\fasterxml\jackson\core\jackson-databind\2.10.3\jackson-databind-2.10.3.jar;A:\maven\apache-maven-3.6.1\repo\com\fasterxml\jackson\core\jackson-annotations\2.10.3\jackson-annotations-2.10.3.jar;A:\maven\apache-maven-3.6.1\repo\com\fasterxml\jackson\core\jackson-core\2.10.3\jackson-core-2.10.3.jar;A:\maven\apache-maven-3.6.1\repo\org\bouncycastle\bcprov-jdk15on\1.59\bcprov-jdk15on-1.59.jar;A:\maven\apache-maven-3.6.1\repo\com\alibaba\fastjson\1.2.62\fastjson-1.2.62.jar;A:\maven\apache-maven-3.6.1\repo\org\springframework\spring-websocket\5.2.4.RELEASE\spring-websocket-5.2.4.RELEASE.jar;A:\maven\apache-maven-3.6.1\repo\org\springframework\spring-context\5.2.5.RELEASE\spring-context-5.2.5.RELEASE.jar;A:\maven\apache-maven-3.6.1\repo\com\alibaba\druid\1.1.10\druid-1.1.10.jar;A:\maven\apache-maven-3.6.1\repo\com\auth0\java-jwt\3.2.0\java-jwt-3.2.0.jar;A:\maven\apache-maven-3.6.1\repo\io\jsonwebtoken\jjwt\0.7.0\jjwt-0.7.0.jar;A:\maven\apache-maven-3.6.1\repo\javax\xml\bind\jaxb-api\2.3.0\jaxb-api-2.3.0.jar;A:\maven\apache-maven-3.6.1\repo\org\springframework\boot\spring-boot-starter-websocket\2.2.6.RELEASE\spring-boot-starter-websocket-2.2.6.RELEASE.jar;A:\maven\apache-maven-3.6.1\repo\org\springframework\spring-messaging\5.2.5.RELEASE\spring-messaging-5.2.5.RELEASE.jar;A:\maven\apache-maven-3.6.1\repo\org\eclipse\jetty\websocket\websocket-server\9.4.7.v20170914\websocket-server-9.4.7.v20170914.jar;A:\maven\apache-maven-3.6.1\repo\org\eclipse\jetty\websocket\websocket-common\9.4.27.v20200227\websocket-common-9.4.27.v20200227.jar;A:\maven\apache-maven-3.6.1\repo\org\eclipse\jetty\websocket\websocket-api\9.4.27.v20200227\websocket-api-9.4.27.v20200227.jar;A:\maven\apache-maven-3.6.1\repo\org\eclipse\jetty\jetty-util\9.4.27.v20200227\jetty-util-9.4.27.v20200227.jar;A:\maven\apache-maven-3.6.1\repo\org\eclipse\jetty\jetty-io\9.4.27.v20200227\jetty-io-9.4.27.v20200227.jar;A:\maven\apache-maven-3.6.1\repo\org\eclipse\jetty\websocket\websocket-client\9.4.27.v20200227\websocket-client-9.4.27.v20200227.jar;A:\maven\apache-maven-3.6.1\repo\org\eclipse\jetty\jetty-client\9.4.27.v20200227\jetty-client-9.4.27.v20200227.jar;A:\maven\apache-maven-3.6.1\repo\org\eclipse\jetty\jetty-xml\9.4.27.v20200227\jetty-xml-9.4.27.v20200227.jar;A:\maven\apache-maven-3.6.1\repo\org\eclipse\jetty\websocket\websocket-servlet\9.4.27.v20200227\websocket-servlet-9.4.27.v20200227.jar;A:\maven\apache-maven-3.6.1\repo\javax\servlet\javax.servlet-api\4.0.1\javax.servlet-api-4.0.1.jar;A:\maven\apache-maven-3.6.1\repo\org\eclipse\jetty\jetty-servlet\9.4.27.v20200227\jetty-servlet-9.4.27.v20200227.jar;A:\maven\apache-maven-3.6.1\repo\org\eclipse\jetty\jetty-security\9.4.27.v20200227\jetty-security-9.4.27.v20200227.jar;A:\maven\apache-maven-3.6.1\repo\org\eclipse\jetty\jetty-server\9.4.27.v20200227\jetty-server-9.4.27.v20200227.jar;A:\maven\apache-maven-3.6.1\repo\org\eclipse\jetty\jetty-http\9.4.27.v20200227\jetty-http-9.4.27.v20200227.jar;"/>
    <property name="sun.cpu.endian" value="little"/>
    <property name="user.home" value="C:\Users\Administrator"/>
    <property name="user.language" value="zh"/>
    <property name="java.specification.vendor" value="Oracle Corporation"/>
    <property name="java.home" value="A:\Java\jdk1.8.0_131\jre"/>
    <property name="basedir" value="C:\Users\Administrator\Documents\Tencent Files\2539030777\FileRecv\在线聊天\源文件"/>
    <property name="file.separator" value="\"/>
    <property name="line.separator" value="&#10;"/>
    <property name="java.vm.specification.vendor" value="Oracle Corporation"/>
    <property name="java.specification.name" value="Java Platform API Specification"/>
    <property name="java.awt.graphicsenv" value="sun.awt.Win32GraphicsEnvironment"/>
    <property name="surefire.real.class.path" value="C:\Users\ADMINI~1\AppData\Local\Temp\surefire2328681698465533931\surefirebooter9114269203674419548.jar"/>
    <property name="sun.boot.class.path" value="A:\Java\jdk1.8.0_131\jre\lib\resources.jar;A:\Java\jdk1.8.0_131\jre\lib\rt.jar;A:\Java\jdk1.8.0_131\jre\lib\sunrsasign.jar;A:\Java\jdk1.8.0_131\jre\lib\jsse.jar;A:\Java\jdk1.8.0_131\jre\lib\jce.jar;A:\Java\jdk1.8.0_131\jre\lib\charsets.jar;A:\Java\jdk1.8.0_131\jre\lib\jfr.jar;A:\Java\jdk1.8.0_131\jre\classes"/>
    <property name="user.script" value=""/>
    <property name="sun.management.compiler" value="HotSpot 64-Bit Tiered Compilers"/>
    <property name="java.runtime.version" value="1.8.0_131-b11"/>
    <property name="user.name" value="Administrator"/>
    <property name="path.separator" value=";"/>
    <property name="os.version" value="10.0"/>
    <property name="java.endorsed.dirs" value="A:\Java\jdk1.8.0_131\jre\lib\endorsed"/>
    <property name="java.runtime.name" value="Java(TM) SE Runtime Environment"/>
    <property name="file.encoding" value="GBK"/>
    <property name="java.vm.name" value="Java HotSpot(TM) 64-Bit Server VM"/>
    <property name="localRepository" value="A:\maven\apache-maven-3.6.1\repo"/>
    <property name="java.vendor.url.bug" value="http://bugreport.sun.com/bugreport/"/>
    <property name="java.io.tmpdir" value="C:\Users\ADMINI~1\AppData\Local\Temp\"/>
    <property name="idea.version" value="2020.2.1"/>
    <property name="java.version" value="1.8.0_131"/>
    <property name="user.dir" value="C:\Users\Administrator\Documents\Tencent Files\2539030777\FileRecv\在线聊天\源文件"/>
    <property name="os.arch" value="amd64"/>
    <property name="java.vm.specification.name" value="Java Virtual Machine Specification"/>
    <property name="java.awt.printerjob" value="sun.awt.windows.WPrinterJob"/>
    <property name="sun.os.patch.level" value=""/>
    <property name="java.library.path" value="A:\Java\jdk1.8.0_131\jre\bin;C:\Windows\Sun\Java\bin;C:\Windows\system32;C:\Windows;A:\Java\jdk1.8.0_131\bin;A:\Program Files (x86)\NetSarang\Xftp 6\;A:\Program Files (x86)\NetSarang\Xshell 6\;C:\Windows\system32;C:\Windows;C:\Windows\System32\Wbem;C:\Windows\System32\WindowsPowerShell\v1.0\;C:\Windows\System32\OpenSSH\;C:\Program Files\Intel\WiFi\bin\;C:\Program Files\Common Files\Intel\WirelessCommon\;C:\Program Files\dotnet\;C:\Program Files\NVIDIA Corporation\NVIDIA NvDLISR;C:\Program Files (x86)\NVIDIA Corporation\PhysX\Common;d:\altera\90sp2\quartus\bin;C:\Program Files\MATLAB\R2017b\runtime\win64;C:\Program Files\MATLAB\R2017b\bin;D:\mysql\bin;C:\Program Files\Git\cmd;C:\Program Files\nodejs\;C:\Program Files (x86)\Common Files\Thunder Network\KanKan\Codecs;A:\maven\apache-maven-3.6.1\bin;A:\hadoop-2.7.2\bin;A:\Java\jdk1.8.0_131\bin;A:\Program Files\TortoiseGit\bin;A:\tomcat-8.5.57\bin;A:\OpenSSL-Win64\bin;C:\Users\Administrator\AppData\Local\Programs\Python\Python37\Scripts\;C:\Users\Administrator\AppData\Local\Programs\Python\Python37\;C:\Users\Administrator\AppData\Local\Microsoft\WindowsApps;C:\Program Files\Intel\WiFi\bin\;C:\Program Files\Common Files\Intel\WirelessCommon\;F:\Program Files\Microsoft VS Code\bin;C:\Program Files\opencv\build\x64\vc15\bin;C:\Users\Administrator\AppData\Roaming\npm;C:\Program Files\JetBrains\PyCharm Community Edition 2019.2.4\bin;;E:\modeltech64_10.5\win64;."/>
    <property name="java.vm.info" value="mixed mode"/>
    <property name="java.vendor" value="Oracle Corporation"/>
    <property name="java.vm.version" value="25.131-b11"/>
    <property name="java.ext.dirs" value="A:\Java\jdk1.8.0_131\jre\lib\ext;C:\Windows\Sun\Java\lib\ext"/>
    <property name="sun.io.unicode.encoding" value="UnicodeLittle"/>
    <property name="maven.repo.local" value="A:\maven\apache-maven-3.6.1\repo"/>
    <property name="java.class.version" value="52.0"/>
  </properties>
  <testcase name="contextLoads" classname="com.chatapp.demo.DemoApplicationTests" time="0.181"/>
</testsuite>